<?xml version="1.0" encoding="UTF-8"?>
<!-- Generated by org.testng.reporters.JUnitReportReporter -->
<testsuite hostname="DESKTOP-GBHCGTC" failures="0" tests="4" name="mytest" time="3.561" errors="0" timestamp="2025-05-05T14:17:45 EET" skipped="0">
  <testcase classname="mytest" name="login" time="0.230"/>
  <testcase classname="mytest" name="addRandomIteam" time="2.067"/>
  <testcase classname="mytest" name="removeOneRandomItem" time="0.069"/>
  <testcase classname="mytest" name="logout" time="1.195"/>
</testsuite> <!-- mytest -->
