<?xml version="1.0" encoding="UTF-8"?>
<!-- Generated by org.testng.reporters.JUnitReportReporter -->
<testsuite hostname="DESKTOP-GBHCGTC" failures="0" tests="1" name="Codevs" time="0.223" errors="0" timestamp="2025-05-06T21:47:56 EET" skipped="0">
  <testcase classname="Codevs" name="myTest" time="0.223"/>
</testsuite> <!-- Codevs -->
