<?xml version="1.0" encoding="UTF-8"?>
<!-- Generated by org.testng.reporters.JUnitReportReporter -->
<testsuite hostname="DESKTOP-GBHCGTC" failures="0" tests="13" name="lesson8" time="8.655" errors="0" timestamp="2025-05-07T13:20:17 EET" skipped="12">
  <testcase classname="lesson8" name="Calender" time="8.655"/>
  <testcase classname="lesson8" name="SelectTag">
    <skipped/>
  </testcase> <!-- SelectTag -->
  <testcase classname="lesson8" name="RadioButton">
    <skipped/>
  </testcase> <!-- RadioButton -->
  <testcase classname="lesson8" name="Element_Displayed">
    <skipped/>
  </testcase> <!-- Element_Displayed -->
  <testcase classname="lesson8" name="myTest">
    <skipped/>
  </testcase> <!-- myTest -->
  <testcase classname="lesson8" name="Confirm_Example">
    <skipped/>
  </testcase> <!-- Confirm_Example -->
  <testcase classname="lesson8" name="Swich_Windows">
    <skipped/>
  </testcase> <!-- Swich_Windows -->
  <testcase classname="lesson8" name="Switch_Tab_Example">
    <skipped/>
  </testcase> <!-- Switch_Tab_Example -->
  <testcase classname="lesson8" name="CheckBox">
    <skipped/>
  </testcase> <!-- CheckBox -->
  <testcase classname="lesson8" name="Enabled_Disabled">
    <skipped/>
  </testcase> <!-- Enabled_Disabled -->
  <testcase classname="lesson8" name="Table">
    <skipped/>
  </testcase> <!-- Table -->
  <testcase classname="lesson8" name="MouseHover">
    <skipped/>
  </testcase> <!-- MouseHover -->
  <testcase classname="lesson8" name="Alert_Example">
    <skipped/>
  </testcase> <!-- Alert_Example -->
</testsuite> <!-- lesson8 -->
