<?xml version="1.0" encoding="UTF-8"?>
<!-- Generated by org.testng.reporters.JUnitReportReporter -->
<testsuite hostname="DESKTOP-GBHCGTC" failures="0" tests="3" name="TestProject.Testt" time="4.412" errors="0" timestamp="2025-04-09T21:38:44 EET" skipped="0">
  <testcase classname="TestProject.Testt" name="login" time="2.249"/>
  <testcase classname="TestProject.Testt" name="addItemToThecart" time="2.080"/>
  <testcase classname="TestProject.Testt" name="removeItemFromTheCart" time="0.083"/>
</testsuite> <!-- TestProject.Testt -->
