<?xml version="1.0" encoding="UTF-8"?>
<!-- Generated by org.testng.reporters.JUnitReportReporter -->
<testsuite hostname="DESKTOP-GBHCGTC" failures="0" tests="4" name="myClass" time="2.784" errors="0" timestamp="2025-05-06T10:03:45 EET" skipped="1">
  <testcase classname="myClass" name="login" time="0.224"/>
  <testcase classname="myClass" name="addAllItems" time="2.291"/>
  <testcase classname="myClass" name="removeAllItem" time="0.269"/>
  <testcase classname="myClass" name="logout">
    <skipped/>
  </testcase> <!-- logout -->
</testsuite> <!-- myClass -->
