<?xml version="1.0" encoding="UTF-8"?>
<!-- Generated by org.testng.reporters.JUnitReportReporter -->
<testsuite hostname="DESKTOP-GBHCGTC" failures="0" tests="1" name="sumayatwo.sumayatwo.AppTest" time="0.009" errors="0" timestamp="2025-05-03T09:57:32 EET" skipped="0">
  <testcase classname="sumayatwo.sumayatwo.AppTest" name="mytest" time="0.009"/>
</testsuite> <!-- sumayatwo.sumayatwo.AppTest -->
