<?xml version="1.0" encoding="UTF-8"?>
<!-- Generated by org.testng.reporters.JUnitReportReporter -->
<testsuite hostname="DESKTOP-GBHCGTC" failures="0" tests="2" name="task1" time="0.295" errors="0" timestamp="2025-05-06T10:56:35 EET" skipped="0">
  <testcase classname="task1" name="login" time="0.224"/>
  <testcase classname="task1" name="print" time="0.071"/>
</testsuite> <!-- task1 -->
