<?xml version="1.0" encoding="UTF-8"?>
<!-- Generated by org.testng.reporters.JUnitReportReporter -->
<testsuite hostname="DESKTOP-GBHCGTC" failures="0" tests="2" name="task2" time="0.307" errors="0" timestamp="2025-05-06T12:59:18 EET" skipped="0">
  <testcase classname="task2" name="login" time="0.230"/>
  <testcase classname="task2" name="IteamsWithouTLetterAtTheEnd" time="0.077"/>
</testsuite> <!-- task2 -->
